2025-12-08 10:38:22 [INFO] Assuming unrestricted shared filesystem usage.
2025-12-08 10:38:22 [INFO] None
2025-12-08 10:38:22 [INFO] host: ubuntu-32gb-nbg1-1
2025-12-08 10:38:22 [INFO] Building DAG of jobs...
2025-12-08 10:38:23 [WARNING] Your conda installation is not configured to use strict channel priorities. This is however important for having robust and correct environments (for details, see https://conda-forge.org/docs/user/tipsandtricks.html). Please consider to configure strict priorities by executing 'conda config --set channel_priority strict'.
2025-12-08 10:38:23 [INFO] Creating conda environment envs/cyanno_env.yml...
2025-12-08 10:38:23 [INFO] Downloading and installing remote packages.
2025-12-08 10:38:43 [INFO] Cleaning up conda package tarballs.
2025-12-08 10:38:43 [INFO] Environment for /home/helene/benchmarks/ob-pipeline-cytof/envs/cyanno_env.yml created (location: .snakemake/conda/92822264f40461346830db80ddb755db_)
2025-12-08 10:38:43 [INFO] Creating conda environment envs/py.yml...
2025-12-08 10:38:43 [INFO] Downloading and installing remote packages.
2025-12-08 10:39:20 [INFO] Cleaning up conda package tarballs.
2025-12-08 10:39:21 [INFO] Environment for /home/helene/benchmarks/ob-pipeline-cytof/envs/py.yml created (location: .snakemake/conda/a1a7b31717ce9697b8a39ae034666af4_)
2025-12-08 10:39:21 [INFO] Creating conda environment envs/cran.yml...
2025-12-08 10:39:21 [INFO] Downloading and installing remote packages.
2025-12-08 10:39:39 [INFO] Cleaning up conda package tarballs.
2025-12-08 10:39:39 [INFO] Environment for /home/helene/benchmarks/ob-pipeline-cytof/envs/cran.yml created (location: .snakemake/conda/0e199521e37e818cadfa5b4513af5b84_)
2025-12-08 10:39:39 [INFO] Using shell: /usr/bin/bash
2025-12-08 10:39:39 [INFO] Provided cores: 1 (use --cores to define parallelism)
2025-12-08 10:39:39 [INFO] Rules claiming more threads will be scaled down.
2025-12-08 10:39:39 [INFO] Job stats:
job                                                                                       count
--------------------------------------------------------------------------------------  -------
all                                                                                           1
analysis_cyanno_default                                                                       1
analysis_dgcytof_default                                                                      1
analysis_random_default                                                                       1
data_data_import_.3cb61bae4bf221e57ad472638ee12527a527aa17af09b936e5e538a2252d91a3            1
metrics_flow_metrics_.dadab5202a25740a12202dc2663099e332909148727a8fb21454afc6cbec3010        3
preprocessing_data_preprocessing_default                                                      1
total                                                                                         9

2025-12-08 10:39:39 [INFO] Select jobs to execute...
2025-12-08 10:39:39 [INFO] Execute 1 jobs...
2025-12-08 10:39:39 [INFO]  Rule: data_data_import_.3cb61bae4bf221e57ad472638ee12527a527aa17af09b936e5e538a2252d91a3, Jobid: 1
2025-12-08 10:39:39 [INFO] Shell command: None
2025-12-08 10:39:39 [INFO] Activating conda environment: .snakemake/conda/a1a7b31717ce9697b8a39ae034666af4_
2025-12-08 10:39:40 [INFO] Activating conda environment: .snakemake/conda/a1a7b31717ce9697b8a39ae034666af4_
2025-12-08 10:39:42 [ERROR] RuleException:
CalledProcessError in file "/home/helene/miniforge3/envs/omnibenchmark/lib/python3.12/site-packages/omnibenchmark/workflow/snakemake/rules/rule_node.smk", line 61:
Command 'source /home/helene/miniforge3/bin/activate '/home/helene/benchmarks/ob-pipeline-cytof/.snakemake/conda/a1a7b31717ce9697b8a39ae034666af4_'; set -euo pipefail;  python /home/helene/benchmarks/ob-pipeline-cytof/.snakemake/scripts/tmp7fb25iwv.run_module.py' returned non-zero exit status 1.
2025-12-08 10:39:42 [ERROR] Error in rule data_data_import_.3cb61bae4bf221e57ad472638ee12527a527aa17af09b936e5e538a2252d91a3, jobid: 1
2025-12-08 10:39:42 [INFO] Shutting down, this might take some time.
2025-12-08 10:39:42 [ERROR] Exiting because a job execution failed. Look below for error messages
2025-12-08 10:39:42 [ERROR] Error in rule data_data_import_.3cb61bae4bf221e57ad472638ee12527a527aa17af09b936e5e538a2252d91a3, jobid: 1
2025-12-08 10:39:42 [INFO] Complete log(s): /home/helene/benchmarks/ob-pipeline-cytof/.snakemake/log/2025-12-08T103822.742161.snakemake.log
2025-12-08 10:39:42 [ERROR] WorkflowError:
At least one job did not complete successfully.
2025-12-08 10:39:42 [ERROR] Benchmark run has failed.
2025-12-08 10:40:41 [INFO] Assuming unrestricted shared filesystem usage.
2025-12-08 10:40:41 [INFO] None
2025-12-08 10:40:41 [INFO] host: ubuntu-32gb-nbg1-1
2025-12-08 10:40:41 [INFO] Building DAG of jobs...
2025-12-08 10:40:42 [WARNING] Your conda installation is not configured to use strict channel priorities. This is however important for having robust and correct environments (for details, see https://conda-forge.org/docs/user/tipsandtricks.html). Please consider to configure strict priorities by executing 'conda config --set channel_priority strict'.
2025-12-08 10:40:42 [INFO] Using shell: /usr/bin/bash
2025-12-08 10:40:42 [INFO] Provided cores: 1 (use --cores to define parallelism)
2025-12-08 10:40:42 [INFO] Rules claiming more threads will be scaled down.
2025-12-08 10:40:42 [INFO] Job stats:
job                                                                                       count
--------------------------------------------------------------------------------------  -------
all                                                                                           1
analysis_cyanno_default                                                                       1
analysis_dgcytof_default                                                                      1
analysis_random_default                                                                       1
data_data_import_.39e04c32bfe741dadaaa3fc7842586f32079c7042a399c9ffb6316987a4d6666            1
metrics_flow_metrics_.dadab5202a25740a12202dc2663099e332909148727a8fb21454afc6cbec3010        3
preprocessing_data_preprocessing_default                                                      1
total                                                                                         9

2025-12-08 10:40:42 [INFO] Select jobs to execute...
2025-12-08 10:40:42 [INFO] Execute 1 jobs...
2025-12-08 10:40:42 [INFO]  Rule: data_data_import_.39e04c32bfe741dadaaa3fc7842586f32079c7042a399c9ffb6316987a4d6666, Jobid: 1
2025-12-08 10:40:42 [INFO] Shell command: None
2025-12-08 10:40:42 [INFO] Activating conda environment: .snakemake/conda/a1a7b31717ce9697b8a39ae034666af4_
2025-12-08 10:40:42 [INFO] Activating conda environment: .snakemake/conda/a1a7b31717ce9697b8a39ae034666af4_
2025-12-08 10:40:45 [INFO] Finished jobid: 1 (Rule: data_data_import_.39e04c32bfe741dadaaa3fc7842586f32079c7042a399c9ffb6316987a4d6666)
2025-12-08 10:40:45 [INFO] None
2025-12-08 10:40:45 [INFO] Select jobs to execute...
2025-12-08 10:40:45 [INFO] Execute 1 jobs...
2025-12-08 10:40:45 [INFO]  Rule: preprocessing_data_preprocessing_default, Jobid: 3
2025-12-08 10:40:45 [INFO] Shell command: None
2025-12-08 10:40:45 [INFO] Activating conda environment: .snakemake/conda/a1a7b31717ce9697b8a39ae034666af4_
2025-12-08 10:40:45 [INFO] Activating conda environment: .snakemake/conda/a1a7b31717ce9697b8a39ae034666af4_
2025-12-08 10:40:51 [INFO] Finished jobid: 3 (Rule: preprocessing_data_preprocessing_default)
2025-12-08 10:40:51 [INFO] None
2025-12-08 10:40:51 [INFO] Select jobs to execute...
2025-12-08 10:40:51 [INFO] Execute 3 jobs...
2025-12-08 10:40:51 [INFO]  Rule: analysis_dgcytof_default, Jobid: 5
2025-12-08 10:40:51 [INFO] Shell command: None
2025-12-08 10:40:51 [INFO]  Rule: analysis_random_default, Jobid: 7
2025-12-08 10:40:51 [INFO] Shell command: None
2025-12-08 10:40:51 [INFO] Activating conda environment: .snakemake/conda/a1a7b31717ce9697b8a39ae034666af4_
2025-12-08 10:40:51 [INFO]  Rule: analysis_cyanno_default, Jobid: 2
2025-12-08 10:40:51 [INFO] Shell command: None
2025-12-08 10:40:51 [INFO] Activating conda environment: .snakemake/conda/0e199521e37e818cadfa5b4513af5b84_
2025-12-08 10:40:51 [INFO] Activating conda environment: .snakemake/conda/92822264f40461346830db80ddb755db_
2025-12-08 10:40:52 [INFO] Activating conda environment: .snakemake/conda/a1a7b31717ce9697b8a39ae034666af4_
2025-12-08 10:40:52 [INFO] Activating conda environment: .snakemake/conda/92822264f40461346830db80ddb755db_
2025-12-08 10:40:52 [INFO] Activating conda environment: .snakemake/conda/0e199521e37e818cadfa5b4513af5b84_
2025-12-08 10:40:55 [INFO] Finished jobid: 7 (Rule: analysis_random_default)
2025-12-08 10:40:55 [INFO] None
2025-12-08 10:40:55 [INFO] Select jobs to execute...
2025-12-08 10:40:55 [INFO] Execute 1 jobs...
2025-12-08 10:40:55 [INFO]  Rule: metrics_flow_metrics_.dadab5202a25740a12202dc2663099e332909148727a8fb21454afc6cbec3010, Jobid: 8
2025-12-08 10:40:55 [INFO] Shell command: None
2025-12-08 10:40:55 [INFO] Activating conda environment: .snakemake/conda/a1a7b31717ce9697b8a39ae034666af4_
2025-12-08 10:40:55 [INFO] Activating conda environment: .snakemake/conda/a1a7b31717ce9697b8a39ae034666af4_
2025-12-08 10:40:56 [INFO] Finished jobid: 2 (Rule: analysis_cyanno_default)
2025-12-08 10:40:56 [INFO] None
2025-12-08 10:40:56 [INFO] Select jobs to execute...
2025-12-08 10:40:56 [INFO] Execute 1 jobs...
2025-12-08 10:40:56 [INFO]  Rule: metrics_flow_metrics_.dadab5202a25740a12202dc2663099e332909148727a8fb21454afc6cbec3010, Jobid: 4
2025-12-08 10:40:56 [INFO] Shell command: None
2025-12-08 10:40:56 [INFO] Activating conda environment: .snakemake/conda/a1a7b31717ce9697b8a39ae034666af4_
2025-12-08 10:40:56 [INFO] Activating conda environment: .snakemake/conda/a1a7b31717ce9697b8a39ae034666af4_
2025-12-08 10:40:57 [INFO] Finished jobid: 8 (Rule: metrics_flow_metrics_.dadab5202a25740a12202dc2663099e332909148727a8fb21454afc6cbec3010)
2025-12-08 10:40:57 [INFO] None
2025-12-08 10:40:58 [INFO] Finished jobid: 4 (Rule: metrics_flow_metrics_.dadab5202a25740a12202dc2663099e332909148727a8fb21454afc6cbec3010)
2025-12-08 10:40:58 [INFO] None
2025-12-08 10:41:17 [INFO] Finished jobid: 5 (Rule: analysis_dgcytof_default)
2025-12-08 10:41:17 [INFO] None
2025-12-08 10:41:17 [INFO] Select jobs to execute...
2025-12-08 10:41:17 [INFO] Execute 1 jobs...
2025-12-08 10:41:17 [INFO]  Rule: metrics_flow_metrics_.dadab5202a25740a12202dc2663099e332909148727a8fb21454afc6cbec3010, Jobid: 6
2025-12-08 10:41:17 [INFO] Shell command: None
2025-12-08 10:41:17 [INFO] Activating conda environment: .snakemake/conda/a1a7b31717ce9697b8a39ae034666af4_
2025-12-08 10:41:18 [INFO] Activating conda environment: .snakemake/conda/a1a7b31717ce9697b8a39ae034666af4_
2025-12-08 10:41:20 [INFO] Finished jobid: 6 (Rule: metrics_flow_metrics_.dadab5202a25740a12202dc2663099e332909148727a8fb21454afc6cbec3010)
2025-12-08 10:41:20 [INFO] None
2025-12-08 10:41:20 [INFO] Select jobs to execute...
2025-12-08 10:41:20 [INFO] Execute 1 jobs...
2025-12-08 10:41:20 [INFO]  Rule: all, Jobid: 0
2025-12-08 10:41:20 [INFO] Shell command: None
2025-12-08 10:41:22 [INFO] Finished jobid: 0 (Rule: all)
2025-12-08 10:41:22 [INFO] None
2025-12-08 10:41:22 [INFO] Complete log(s): /home/helene/benchmarks/ob-pipeline-cytof/.snakemake/log/2025-12-08T104041.163555.snakemake.log
2025-12-08 10:41:22 [INFO] Benchmark run has finished successfully.
2025-12-08 13:46:36 [INFO] Assuming unrestricted shared filesystem usage.
2025-12-08 13:46:36 [INFO] None
2025-12-08 13:46:36 [INFO] host: ubuntu-32gb-nbg1-1
2025-12-08 13:46:36 [INFO] Building DAG of jobs...
2025-12-08 13:46:37 [WARNING] Your conda installation is not configured to use strict channel priorities. This is however important for having robust and correct environments (for details, see https://conda-forge.org/docs/user/tipsandtricks.html). Please consider to configure strict priorities by executing 'conda config --set channel_priority strict'.
2025-12-08 13:46:37 [INFO] Using shell: /usr/bin/bash
2025-12-08 13:46:37 [INFO] Provided cores: 1 (use --cores to define parallelism)
2025-12-08 13:46:37 [INFO] Rules claiming more threads will be scaled down.
2025-12-08 13:46:37 [INFO] Job stats:
job                                                                                       count
--------------------------------------------------------------------------------------  -------
all                                                                                           1
analysis_cyanno_default                                                                       1
analysis_dgcytof_default                                                                      1
analysis_random_default                                                                       1
metrics_flow_metrics_.dadab5202a25740a12202dc2663099e332909148727a8fb21454afc6cbec3010        3
preprocessing_data_preprocessing_default                                                      1
total                                                                                         8

2025-12-08 13:46:37 [INFO] Select jobs to execute...
2025-12-08 13:46:37 [INFO] Execute 1 jobs...
2025-12-08 13:46:37 [INFO]  Rule: preprocessing_data_preprocessing_default, Jobid: 3
2025-12-08 13:46:37 [INFO] Shell command: None
2025-12-08 13:46:37 [INFO] Activating conda environment: .snakemake/conda/a1a7b31717ce9697b8a39ae034666af4_
2025-12-08 13:46:37 [INFO] Activating conda environment: .snakemake/conda/a1a7b31717ce9697b8a39ae034666af4_
2025-12-08 13:46:39 [ERROR] RuleException:
CalledProcessError in file "/home/helene/miniforge3/envs/omnibenchmark/lib/python3.12/site-packages/omnibenchmark/workflow/snakemake/rules/rule_node.smk", line 186:
Command 'source /home/helene/miniforge3/bin/activate '/home/helene/benchmarks/ob-pipeline-cytof/.snakemake/conda/a1a7b31717ce9697b8a39ae034666af4_'; set -euo pipefail;  python /home/helene/benchmarks/ob-pipeline-cytof/.snakemake/scripts/tmpvd_bx7gc.run_module.py' returned non-zero exit status 1.
2025-12-08 13:46:39 [ERROR] Error in rule preprocessing_data_preprocessing_default, jobid: 3
2025-12-08 13:46:39 [INFO] Shutting down, this might take some time.
2025-12-08 13:46:39 [ERROR] Exiting because a job execution failed. Look below for error messages
2025-12-08 13:46:39 [ERROR] Error in rule preprocessing_data_preprocessing_default, jobid: 3
2025-12-08 13:46:39 [INFO] Complete log(s): /home/helene/benchmarks/ob-pipeline-cytof/.snakemake/log/2025-12-08T134636.140857.snakemake.log
2025-12-08 13:46:39 [ERROR] WorkflowError:
At least one job did not complete successfully.
2025-12-08 13:46:39 [ERROR] Benchmark run has failed.
2025-12-08 13:50:56 [INFO] Assuming unrestricted shared filesystem usage.
2025-12-08 13:50:56 [INFO] None
2025-12-08 13:50:56 [INFO] host: ubuntu-32gb-nbg1-1
2025-12-08 13:50:56 [INFO] Building DAG of jobs...
2025-12-08 13:50:57 [WARNING] Your conda installation is not configured to use strict channel priorities. This is however important for having robust and correct environments (for details, see https://conda-forge.org/docs/user/tipsandtricks.html). Please consider to configure strict priorities by executing 'conda config --set channel_priority strict'.
2025-12-08 13:50:57 [INFO] Using shell: /usr/bin/bash
2025-12-08 13:50:57 [INFO] Provided cores: 1 (use --cores to define parallelism)
2025-12-08 13:50:57 [INFO] Rules claiming more threads will be scaled down.
2025-12-08 13:50:57 [INFO] Job stats:
job                                                                                       count
--------------------------------------------------------------------------------------  -------
all                                                                                           1
analysis_cyanno_default                                                                       1
analysis_dgcytof_default                                                                      1
analysis_random_default                                                                       1
metrics_flow_metrics_.dadab5202a25740a12202dc2663099e332909148727a8fb21454afc6cbec3010        3
preprocessing_data_preprocessing_default                                                      1
total                                                                                         8

2025-12-08 13:50:57 [INFO] Select jobs to execute...
2025-12-08 13:50:57 [INFO] Execute 1 jobs...
2025-12-08 13:50:57 [INFO]  Rule: preprocessing_data_preprocessing_default, Jobid: 3
2025-12-08 13:50:57 [INFO] Shell command: None
2025-12-08 13:50:57 [INFO] Activating conda environment: .snakemake/conda/a1a7b31717ce9697b8a39ae034666af4_
2025-12-08 13:50:57 [INFO] Activating conda environment: .snakemake/conda/a1a7b31717ce9697b8a39ae034666af4_
2025-12-08 13:50:59 [ERROR] RuleException:
CalledProcessError in file "/home/helene/miniforge3/envs/omnibenchmark/lib/python3.12/site-packages/omnibenchmark/workflow/snakemake/rules/rule_node.smk", line 186:
Command 'source /home/helene/miniforge3/bin/activate '/home/helene/benchmarks/ob-pipeline-cytof/.snakemake/conda/a1a7b31717ce9697b8a39ae034666af4_'; set -euo pipefail;  python /home/helene/benchmarks/ob-pipeline-cytof/.snakemake/scripts/tmpkjbi3g6u.run_module.py' returned non-zero exit status 1.
2025-12-08 13:50:59 [ERROR] Error in rule preprocessing_data_preprocessing_default, jobid: 3
2025-12-08 13:50:59 [INFO] Shutting down, this might take some time.
2025-12-08 13:50:59 [ERROR] Exiting because a job execution failed. Look below for error messages
2025-12-08 13:50:59 [ERROR] Error in rule preprocessing_data_preprocessing_default, jobid: 3
2025-12-08 13:50:59 [INFO] Complete log(s): /home/helene/benchmarks/ob-pipeline-cytof/.snakemake/log/2025-12-08T135056.102178.snakemake.log
2025-12-08 13:50:59 [ERROR] WorkflowError:
At least one job did not complete successfully.
2025-12-08 13:50:59 [ERROR] Benchmark run has failed.
2025-12-08 13:52:23 [INFO] Assuming unrestricted shared filesystem usage.
2025-12-08 13:52:23 [INFO] None
2025-12-08 13:52:23 [INFO] host: ubuntu-32gb-nbg1-1
2025-12-08 13:52:23 [INFO] Building DAG of jobs...
2025-12-08 13:52:24 [WARNING] Your conda installation is not configured to use strict channel priorities. This is however important for having robust and correct environments (for details, see https://conda-forge.org/docs/user/tipsandtricks.html). Please consider to configure strict priorities by executing 'conda config --set channel_priority strict'.
2025-12-08 13:52:24 [INFO] Using shell: /usr/bin/bash
2025-12-08 13:52:24 [INFO] Provided cores: 1 (use --cores to define parallelism)
2025-12-08 13:52:24 [INFO] Rules claiming more threads will be scaled down.
2025-12-08 13:52:24 [INFO] Job stats:
job                                                                                       count
--------------------------------------------------------------------------------------  -------
all                                                                                           1
analysis_cyanno_default                                                                       1
analysis_dgcytof_default                                                                      1
analysis_random_default                                                                       1
data_data_import_.a201d39b6bd730c8ad4b3fb4f0050760abf2b07bb34e3f5f2c5e71701358ecb3            1
metrics_flow_metrics_.dadab5202a25740a12202dc2663099e332909148727a8fb21454afc6cbec3010        3
preprocessing_data_preprocessing_default                                                      1
total                                                                                         9

2025-12-08 13:52:24 [INFO] Select jobs to execute...
2025-12-08 13:52:24 [INFO] Execute 1 jobs...
2025-12-08 13:52:24 [INFO]  Rule: data_data_import_.a201d39b6bd730c8ad4b3fb4f0050760abf2b07bb34e3f5f2c5e71701358ecb3, Jobid: 1
2025-12-08 13:52:24 [INFO] Shell command: None
2025-12-08 13:52:24 [INFO] Activating conda environment: .snakemake/conda/a1a7b31717ce9697b8a39ae034666af4_
2025-12-08 13:52:24 [INFO] Activating conda environment: .snakemake/conda/a1a7b31717ce9697b8a39ae034666af4_
2025-12-08 13:52:26 [ERROR] RuleException:
CalledProcessError in file "/home/helene/miniforge3/envs/omnibenchmark/lib/python3.12/site-packages/omnibenchmark/workflow/snakemake/rules/rule_node.smk", line 61:
Command 'source /home/helene/miniforge3/bin/activate '/home/helene/benchmarks/ob-pipeline-cytof/.snakemake/conda/a1a7b31717ce9697b8a39ae034666af4_'; set -euo pipefail;  python /home/helene/benchmarks/ob-pipeline-cytof/.snakemake/scripts/tmpouzafoop.run_module.py' returned non-zero exit status 1.
2025-12-08 13:52:26 [ERROR] Error in rule data_data_import_.a201d39b6bd730c8ad4b3fb4f0050760abf2b07bb34e3f5f2c5e71701358ecb3, jobid: 1
2025-12-08 13:52:26 [INFO] Shutting down, this might take some time.
2025-12-08 13:52:26 [ERROR] Exiting because a job execution failed. Look below for error messages
2025-12-08 13:52:26 [ERROR] Error in rule data_data_import_.a201d39b6bd730c8ad4b3fb4f0050760abf2b07bb34e3f5f2c5e71701358ecb3, jobid: 1
2025-12-08 13:52:26 [INFO] Complete log(s): /home/helene/benchmarks/ob-pipeline-cytof/.snakemake/log/2025-12-08T135223.305213.snakemake.log
2025-12-08 13:52:26 [ERROR] WorkflowError:
At least one job did not complete successfully.
2025-12-08 13:52:26 [ERROR] Benchmark run has failed.
2025-12-08 13:56:54 [INFO] Assuming unrestricted shared filesystem usage.
2025-12-08 13:56:54 [INFO] None
2025-12-08 13:56:54 [INFO] host: ubuntu-32gb-nbg1-1
2025-12-08 13:56:54 [INFO] Building DAG of jobs...
2025-12-08 13:56:55 [WARNING] Your conda installation is not configured to use strict channel priorities. This is however important for having robust and correct environments (for details, see https://conda-forge.org/docs/user/tipsandtricks.html). Please consider to configure strict priorities by executing 'conda config --set channel_priority strict'.
2025-12-08 13:56:55 [INFO] Using shell: /usr/bin/bash
2025-12-08 13:56:55 [INFO] Provided cores: 1 (use --cores to define parallelism)
2025-12-08 13:56:55 [INFO] Rules claiming more threads will be scaled down.
2025-12-08 13:56:55 [INFO] Job stats:
job                                                                                       count
--------------------------------------------------------------------------------------  -------
all                                                                                           1
analysis_cyanno_default                                                                       1
analysis_dgcytof_default                                                                      1
analysis_random_default                                                                       1
data_data_import_.3cb61bae4bf221e57ad472638ee12527a527aa17af09b936e5e538a2252d91a3            1
metrics_flow_metrics_.dadab5202a25740a12202dc2663099e332909148727a8fb21454afc6cbec3010        3
preprocessing_data_preprocessing_default                                                      1
total                                                                                         9

2025-12-08 13:56:55 [INFO] Select jobs to execute...
2025-12-08 13:56:55 [INFO] Execute 1 jobs...
2025-12-08 13:56:55 [INFO]  Rule: data_data_import_.3cb61bae4bf221e57ad472638ee12527a527aa17af09b936e5e538a2252d91a3, Jobid: 1
2025-12-08 13:56:55 [INFO] Shell command: None
2025-12-08 13:56:55 [INFO] Activating conda environment: .snakemake/conda/a1a7b31717ce9697b8a39ae034666af4_
2025-12-08 13:56:55 [INFO] Activating conda environment: .snakemake/conda/a1a7b31717ce9697b8a39ae034666af4_
2025-12-08 13:56:57 [ERROR] RuleException:
CalledProcessError in file "/home/helene/miniforge3/envs/omnibenchmark/lib/python3.12/site-packages/omnibenchmark/workflow/snakemake/rules/rule_node.smk", line 61:
Command 'source /home/helene/miniforge3/bin/activate '/home/helene/benchmarks/ob-pipeline-cytof/.snakemake/conda/a1a7b31717ce9697b8a39ae034666af4_'; set -euo pipefail;  python /home/helene/benchmarks/ob-pipeline-cytof/.snakemake/scripts/tmpl3dxcp01.run_module.py' returned non-zero exit status 1.
2025-12-08 13:56:57 [ERROR] Error in rule data_data_import_.3cb61bae4bf221e57ad472638ee12527a527aa17af09b936e5e538a2252d91a3, jobid: 1
2025-12-08 13:56:57 [INFO] Shutting down, this might take some time.
2025-12-08 13:56:57 [ERROR] Exiting because a job execution failed. Look below for error messages
2025-12-08 13:56:57 [ERROR] Error in rule data_data_import_.3cb61bae4bf221e57ad472638ee12527a527aa17af09b936e5e538a2252d91a3, jobid: 1
2025-12-08 13:56:57 [INFO] Complete log(s): /home/helene/benchmarks/ob-pipeline-cytof/.snakemake/log/2025-12-08T135654.397145.snakemake.log
2025-12-08 13:56:57 [ERROR] WorkflowError:
At least one job did not complete successfully.
2025-12-08 13:56:57 [ERROR] Benchmark run has failed.
2025-12-08 14:03:08 [INFO] Assuming unrestricted shared filesystem usage.
2025-12-08 14:03:08 [INFO] None
2025-12-08 14:03:08 [INFO] host: ubuntu-32gb-nbg1-1
2025-12-08 14:03:08 [INFO] Building DAG of jobs...
2025-12-08 14:03:09 [WARNING] Your conda installation is not configured to use strict channel priorities. This is however important for having robust and correct environments (for details, see https://conda-forge.org/docs/user/tipsandtricks.html). Please consider to configure strict priorities by executing 'conda config --set channel_priority strict'.
2025-12-08 14:03:09 [INFO] Using shell: /usr/bin/bash
2025-12-08 14:03:09 [INFO] Provided cores: 1 (use --cores to define parallelism)
2025-12-08 14:03:09 [INFO] Rules claiming more threads will be scaled down.
2025-12-08 14:03:09 [INFO] Job stats:
job                                                                                       count
--------------------------------------------------------------------------------------  -------
all                                                                                           1
analysis_cyanno_default                                                                       1
analysis_dgcytof_default                                                                      1
analysis_random_default                                                                       1
data_data_import_.c3313e207935945bc1159020bd73004772196d1ad16aa48f6197607698eb816d            1
metrics_flow_metrics_.dadab5202a25740a12202dc2663099e332909148727a8fb21454afc6cbec3010        3
preprocessing_data_preprocessing_default                                                      1
total                                                                                         9

2025-12-08 14:03:09 [INFO] Select jobs to execute...
2025-12-08 14:03:09 [INFO] Execute 1 jobs...
2025-12-08 14:03:09 [INFO]  Rule: data_data_import_.c3313e207935945bc1159020bd73004772196d1ad16aa48f6197607698eb816d, Jobid: 1
2025-12-08 14:03:09 [INFO] Shell command: None
2025-12-08 14:03:09 [INFO] Activating conda environment: .snakemake/conda/a1a7b31717ce9697b8a39ae034666af4_
2025-12-08 14:03:09 [INFO] Activating conda environment: .snakemake/conda/a1a7b31717ce9697b8a39ae034666af4_
2025-12-08 14:03:11 [ERROR] RuleException:
CalledProcessError in file "/home/helene/miniforge3/envs/omnibenchmark/lib/python3.12/site-packages/omnibenchmark/workflow/snakemake/rules/rule_node.smk", line 61:
Command 'source /home/helene/miniforge3/bin/activate '/home/helene/benchmarks/ob-pipeline-cytof/.snakemake/conda/a1a7b31717ce9697b8a39ae034666af4_'; set -euo pipefail;  python /home/helene/benchmarks/ob-pipeline-cytof/.snakemake/scripts/tmp4q_4wf2u.run_module.py' returned non-zero exit status 1.
2025-12-08 14:03:11 [ERROR] Error in rule data_data_import_.c3313e207935945bc1159020bd73004772196d1ad16aa48f6197607698eb816d, jobid: 1
2025-12-08 14:03:11 [INFO] Shutting down, this might take some time.
2025-12-08 14:03:11 [ERROR] Exiting because a job execution failed. Look below for error messages
2025-12-08 14:03:11 [ERROR] Error in rule data_data_import_.c3313e207935945bc1159020bd73004772196d1ad16aa48f6197607698eb816d, jobid: 1
2025-12-08 14:03:11 [INFO] Complete log(s): /home/helene/benchmarks/ob-pipeline-cytof/.snakemake/log/2025-12-08T140308.384647.snakemake.log
2025-12-08 14:03:11 [ERROR] WorkflowError:
At least one job did not complete successfully.
2025-12-08 14:03:11 [ERROR] Benchmark run has failed.
2025-12-08 14:12:11 [INFO] Assuming unrestricted shared filesystem usage.
2025-12-08 14:12:11 [INFO] None
2025-12-08 14:12:11 [INFO] host: ubuntu-32gb-nbg1-1
2025-12-08 14:12:11 [INFO] Building DAG of jobs...
2025-12-08 14:12:12 [WARNING] Your conda installation is not configured to use strict channel priorities. This is however important for having robust and correct environments (for details, see https://conda-forge.org/docs/user/tipsandtricks.html). Please consider to configure strict priorities by executing 'conda config --set channel_priority strict'.
2025-12-08 14:12:12 [INFO] Using shell: /usr/bin/bash
2025-12-08 14:12:12 [INFO] Provided cores: 1 (use --cores to define parallelism)
2025-12-08 14:12:12 [INFO] Rules claiming more threads will be scaled down.
2025-12-08 14:12:12 [INFO] Job stats:
job                                                                                       count
--------------------------------------------------------------------------------------  -------
all                                                                                           1
analysis_cyanno_default                                                                       1
analysis_dgcytof_default                                                                      1
analysis_random_default                                                                       1
data_data_import_.c3313e207935945bc1159020bd73004772196d1ad16aa48f6197607698eb816d            1
metrics_flow_metrics_.dadab5202a25740a12202dc2663099e332909148727a8fb21454afc6cbec3010        3
preprocessing_data_preprocessing_default                                                      1
total                                                                                         9

2025-12-08 14:12:12 [INFO] Select jobs to execute...
2025-12-08 14:12:12 [INFO] Execute 1 jobs...
2025-12-08 14:12:12 [INFO]  Rule: data_data_import_.c3313e207935945bc1159020bd73004772196d1ad16aa48f6197607698eb816d, Jobid: 1
2025-12-08 14:12:12 [INFO] Shell command: None
2025-12-08 14:12:12 [INFO] Activating conda environment: .snakemake/conda/a1a7b31717ce9697b8a39ae034666af4_
2025-12-08 14:12:12 [INFO] Activating conda environment: .snakemake/conda/a1a7b31717ce9697b8a39ae034666af4_
2025-12-08 14:12:59 [INFO] Finished jobid: 1 (Rule: data_data_import_.c3313e207935945bc1159020bd73004772196d1ad16aa48f6197607698eb816d)
2025-12-08 14:12:59 [INFO] None
2025-12-08 14:12:59 [INFO] Select jobs to execute...
2025-12-08 14:12:59 [INFO] Execute 1 jobs...
2025-12-08 14:12:59 [INFO]  Rule: preprocessing_data_preprocessing_default, Jobid: 3
2025-12-08 14:12:59 [INFO] Shell command: None
2025-12-08 14:12:59 [INFO] Activating conda environment: .snakemake/conda/a1a7b31717ce9697b8a39ae034666af4_
2025-12-08 14:12:59 [INFO] Activating conda environment: .snakemake/conda/a1a7b31717ce9697b8a39ae034666af4_
2025-12-08 14:13:06 [ERROR] RuleException:
CalledProcessError in file "/home/helene/miniforge3/envs/omnibenchmark/lib/python3.12/site-packages/omnibenchmark/workflow/snakemake/rules/rule_node.smk", line 186:
Command 'source /home/helene/miniforge3/bin/activate '/home/helene/benchmarks/ob-pipeline-cytof/.snakemake/conda/a1a7b31717ce9697b8a39ae034666af4_'; set -euo pipefail;  python /home/helene/benchmarks/ob-pipeline-cytof/.snakemake/scripts/tmprd0bne63.run_module.py' returned non-zero exit status 1.
2025-12-08 14:13:06 [ERROR] Error in rule preprocessing_data_preprocessing_default, jobid: 3
2025-12-08 14:13:06 [INFO] Shutting down, this might take some time.
2025-12-08 14:13:06 [ERROR] Exiting because a job execution failed. Look below for error messages
2025-12-08 14:13:06 [ERROR] Error in rule preprocessing_data_preprocessing_default, jobid: 3
2025-12-08 14:13:06 [INFO] Complete log(s): /home/helene/benchmarks/ob-pipeline-cytof/.snakemake/log/2025-12-08T141211.505231.snakemake.log
2025-12-08 14:13:06 [ERROR] WorkflowError:
At least one job did not complete successfully.
2025-12-08 14:13:06 [ERROR] Benchmark run has failed.
2025-12-09 15:16:27 [INFO] Assuming unrestricted shared filesystem usage.
2025-12-09 15:16:27 [INFO] None
2025-12-09 15:16:27 [INFO] host: ubuntu-32gb-nbg1-1
2025-12-09 15:16:27 [INFO] Building DAG of jobs...
2025-12-09 15:16:28 [WARNING] Your conda installation is not configured to use strict channel priorities. This is however important for having robust and correct environments (for details, see https://conda-forge.org/docs/user/tipsandtricks.html). Please consider to configure strict priorities by executing 'conda config --set channel_priority strict'.
2025-12-09 15:16:28 [INFO] Using shell: /usr/bin/bash
2025-12-09 15:16:28 [INFO] Provided cores: 1 (use --cores to define parallelism)
2025-12-09 15:16:28 [INFO] Rules claiming more threads will be scaled down.
2025-12-09 15:16:28 [INFO] Job stats:
job                                                                                                   count
--------------------------------------------------------------------------------------------------  -------
all                                                                                                       1
analysis_cyanno_default                                                                                   1
analysis_dgcytof_default                                                                                  1
analysis_random_default                                                                                   1
metrics_flow_metrics_.dadab5202a25740a12202dc2663099e332909148727a8fb21454afc6cbec3010                    3
preprocessing_data_preprocessing_.adb032b0e76dd6a5e7d9f6591f2cf17e6172cfe4d193ea9ad6bede01ff4b5d6c        1
total                                                                                                     8

2025-12-09 15:16:28 [INFO] Select jobs to execute...
2025-12-09 15:16:28 [INFO] Execute 1 jobs...
2025-12-09 15:16:28 [INFO]  Rule: preprocessing_data_preprocessing_.adb032b0e76dd6a5e7d9f6591f2cf17e6172cfe4d193ea9ad6bede01ff4b5d6c, Jobid: 3
2025-12-09 15:16:28 [INFO] Shell command: None
2025-12-09 15:16:28 [INFO] Activating conda environment: .snakemake/conda/a1a7b31717ce9697b8a39ae034666af4_
2025-12-09 15:16:28 [INFO] Activating conda environment: .snakemake/conda/a1a7b31717ce9697b8a39ae034666af4_
2025-12-09 15:16:30 [ERROR] RuleException:
CalledProcessError in file "/home/helene/miniforge3/envs/omnibenchmark/lib/python3.12/site-packages/omnibenchmark/workflow/snakemake/rules/rule_node.smk", line 61:
Command 'source /home/helene/miniforge3/bin/activate '/home/helene/benchmarks/ob-pipeline-cytof/.snakemake/conda/a1a7b31717ce9697b8a39ae034666af4_'; set -euo pipefail;  python /home/helene/benchmarks/ob-pipeline-cytof/.snakemake/scripts/tmpn64cenwc.run_module.py' returned non-zero exit status 1.
2025-12-09 15:16:30 [ERROR] Error in rule preprocessing_data_preprocessing_.adb032b0e76dd6a5e7d9f6591f2cf17e6172cfe4d193ea9ad6bede01ff4b5d6c, jobid: 3
2025-12-09 15:16:30 [INFO] Shutting down, this might take some time.
2025-12-09 15:16:30 [ERROR] Exiting because a job execution failed. Look below for error messages
2025-12-09 15:16:30 [ERROR] Error in rule preprocessing_data_preprocessing_.adb032b0e76dd6a5e7d9f6591f2cf17e6172cfe4d193ea9ad6bede01ff4b5d6c, jobid: 3
2025-12-09 15:16:30 [INFO] Complete log(s): /home/helene/benchmarks/ob-pipeline-cytof/.snakemake/log/2025-12-09T151627.163039.snakemake.log
2025-12-09 15:16:30 [ERROR] WorkflowError:
At least one job did not complete successfully.
2025-12-09 15:16:30 [ERROR] Benchmark run has failed.
2025-12-09 15:19:05 [INFO] Assuming unrestricted shared filesystem usage.
2025-12-09 15:19:05 [INFO] None
2025-12-09 15:19:05 [INFO] host: ubuntu-32gb-nbg1-1
2025-12-09 15:19:05 [INFO] Building DAG of jobs...
2025-12-09 15:19:06 [WARNING] Your conda installation is not configured to use strict channel priorities. This is however important for having robust and correct environments (for details, see https://conda-forge.org/docs/user/tipsandtricks.html). Please consider to configure strict priorities by executing 'conda config --set channel_priority strict'.
2025-12-09 15:19:06 [INFO] Using shell: /usr/bin/bash
2025-12-09 15:19:06 [INFO] Provided cores: 1 (use --cores to define parallelism)
2025-12-09 15:19:06 [INFO] Rules claiming more threads will be scaled down.
2025-12-09 15:19:06 [INFO] Job stats:
job                                                                                                   count
--------------------------------------------------------------------------------------------------  -------
all                                                                                                       1
analysis_cyanno_default                                                                                   1
analysis_dgcytof_default                                                                                  1
analysis_random_default                                                                                   1
metrics_flow_metrics_.dadab5202a25740a12202dc2663099e332909148727a8fb21454afc6cbec3010                    3
preprocessing_data_preprocessing_.adb032b0e76dd6a5e7d9f6591f2cf17e6172cfe4d193ea9ad6bede01ff4b5d6c        1
total                                                                                                     8

2025-12-09 15:19:06 [INFO] Select jobs to execute...
2025-12-09 15:19:06 [INFO] Execute 1 jobs...
2025-12-09 15:19:06 [INFO]  Rule: preprocessing_data_preprocessing_.adb032b0e76dd6a5e7d9f6591f2cf17e6172cfe4d193ea9ad6bede01ff4b5d6c, Jobid: 3
2025-12-09 15:19:06 [INFO] Shell command: None
2025-12-09 15:19:06 [INFO] Activating conda environment: .snakemake/conda/a1a7b31717ce9697b8a39ae034666af4_
2025-12-09 15:19:07 [INFO] Activating conda environment: .snakemake/conda/a1a7b31717ce9697b8a39ae034666af4_
2025-12-09 15:19:44 [INFO] Terminating processes on user request, this might take some time.
2025-12-09 15:19:44 [ERROR] RuleException:
CalledProcessError in file "/home/helene/miniforge3/envs/omnibenchmark/lib/python3.12/site-packages/omnibenchmark/workflow/snakemake/rules/rule_node.smk", line 61:
Command 'source /home/helene/miniforge3/bin/activate '/home/helene/benchmarks/ob-pipeline-cytof/.snakemake/conda/a1a7b31717ce9697b8a39ae034666af4_'; set -euo pipefail;  python /home/helene/benchmarks/ob-pipeline-cytof/.snakemake/scripts/tmpq_2fd3tf.run_module.py' died with <Signals.SIGINT: 2>.
2025-12-09 15:19:44 [ERROR] Error in rule preprocessing_data_preprocessing_.adb032b0e76dd6a5e7d9f6591f2cf17e6172cfe4d193ea9ad6bede01ff4b5d6c, jobid: 3
2025-12-09 15:19:44 [INFO] Complete log(s): /home/helene/benchmarks/ob-pipeline-cytof/.snakemake/log/2025-12-09T151905.846460.snakemake.log
2025-12-09 15:19:44 [ERROR] WorkflowError:
At least one job did not complete successfully.
2025-12-09 15:19:44 [ERROR] Benchmark run has failed.
2025-12-09 15:20:51 [INFO] Assuming unrestricted shared filesystem usage.
2025-12-09 15:20:51 [INFO] None
2025-12-09 15:20:51 [INFO] host: ubuntu-32gb-nbg1-1
2025-12-09 15:20:51 [INFO] Building DAG of jobs...
2025-12-09 15:20:52 [WARNING] Your conda installation is not configured to use strict channel priorities. This is however important for having robust and correct environments (for details, see https://conda-forge.org/docs/user/tipsandtricks.html). Please consider to configure strict priorities by executing 'conda config --set channel_priority strict'.
2025-12-09 15:20:52 [INFO] Using shell: /usr/bin/bash
2025-12-09 15:20:52 [INFO] Provided cores: 1 (use --cores to define parallelism)
2025-12-09 15:20:52 [INFO] Rules claiming more threads will be scaled down.
2025-12-09 15:20:52 [INFO] Job stats:
job                                                                                                   count
--------------------------------------------------------------------------------------------------  -------
all                                                                                                       1
analysis_cyanno_default                                                                                   1
analysis_dgcytof_default                                                                                  1
analysis_random_default                                                                                   1
metrics_flow_metrics_.dadab5202a25740a12202dc2663099e332909148727a8fb21454afc6cbec3010                    3
preprocessing_data_preprocessing_.fea14d89bdd711601f6b6f1fd2e2e32a2866fb9b67bceed44b8a97b607d3226b        1
total                                                                                                     8

2025-12-09 15:20:52 [INFO] Select jobs to execute...
2025-12-09 15:20:52 [INFO] Execute 1 jobs...
2025-12-09 15:20:52 [INFO]  Rule: preprocessing_data_preprocessing_.fea14d89bdd711601f6b6f1fd2e2e32a2866fb9b67bceed44b8a97b607d3226b, Jobid: 3
2025-12-09 15:20:52 [INFO] Shell command: None
2025-12-09 15:20:53 [INFO] Activating conda environment: .snakemake/conda/a1a7b31717ce9697b8a39ae034666af4_
2025-12-09 15:20:53 [INFO] Activating conda environment: .snakemake/conda/a1a7b31717ce9697b8a39ae034666af4_
2025-12-09 15:20:55 [ERROR] RuleException:
CalledProcessError in file "/home/helene/miniforge3/envs/omnibenchmark/lib/python3.12/site-packages/omnibenchmark/workflow/snakemake/rules/rule_node.smk", line 61:
Command 'source /home/helene/miniforge3/bin/activate '/home/helene/benchmarks/ob-pipeline-cytof/.snakemake/conda/a1a7b31717ce9697b8a39ae034666af4_'; set -euo pipefail;  python /home/helene/benchmarks/ob-pipeline-cytof/.snakemake/scripts/tmpuotul0lm.run_module.py' returned non-zero exit status 1.
2025-12-09 15:20:55 [ERROR] Error in rule preprocessing_data_preprocessing_.fea14d89bdd711601f6b6f1fd2e2e32a2866fb9b67bceed44b8a97b607d3226b, jobid: 3
2025-12-09 15:20:55 [INFO] Shutting down, this might take some time.
2025-12-09 15:20:55 [ERROR] Exiting because a job execution failed. Look below for error messages
2025-12-09 15:20:55 [ERROR] Error in rule preprocessing_data_preprocessing_.fea14d89bdd711601f6b6f1fd2e2e32a2866fb9b67bceed44b8a97b607d3226b, jobid: 3
2025-12-09 15:20:55 [INFO] Complete log(s): /home/helene/benchmarks/ob-pipeline-cytof/.snakemake/log/2025-12-09T152051.873502.snakemake.log
2025-12-09 15:20:55 [ERROR] WorkflowError:
At least one job did not complete successfully.
2025-12-09 15:20:55 [ERROR] Benchmark run has failed.
2025-12-09 15:22:04 [INFO] Assuming unrestricted shared filesystem usage.
2025-12-09 15:22:04 [INFO] None
2025-12-09 15:22:04 [INFO] host: ubuntu-32gb-nbg1-1
2025-12-09 15:22:04 [INFO] Building DAG of jobs...
2025-12-09 15:22:06 [WARNING] Your conda installation is not configured to use strict channel priorities. This is however important for having robust and correct environments (for details, see https://conda-forge.org/docs/user/tipsandtricks.html). Please consider to configure strict priorities by executing 'conda config --set channel_priority strict'.
2025-12-09 15:22:06 [INFO] Using shell: /usr/bin/bash
2025-12-09 15:22:06 [INFO] Provided cores: 1 (use --cores to define parallelism)
2025-12-09 15:22:06 [INFO] Rules claiming more threads will be scaled down.
2025-12-09 15:22:06 [INFO] Job stats:
job                                                                                                   count
--------------------------------------------------------------------------------------------------  -------
all                                                                                                       1
analysis_cyanno_default                                                                                   1
analysis_dgcytof_default                                                                                  1
analysis_random_default                                                                                   1
metrics_flow_metrics_.dadab5202a25740a12202dc2663099e332909148727a8fb21454afc6cbec3010                    3
preprocessing_data_preprocessing_.64a0074b63752a8a7fc530a49e01278b0d3ae1f01078a20b8abd288aa034f3dc        1
total                                                                                                     8

2025-12-09 15:22:06 [INFO] Select jobs to execute...
2025-12-09 15:22:06 [INFO] Execute 1 jobs...
2025-12-09 15:22:06 [INFO]  Rule: preprocessing_data_preprocessing_.64a0074b63752a8a7fc530a49e01278b0d3ae1f01078a20b8abd288aa034f3dc, Jobid: 3
2025-12-09 15:22:06 [INFO] Shell command: None
2025-12-09 15:22:06 [INFO] Activating conda environment: .snakemake/conda/a1a7b31717ce9697b8a39ae034666af4_
2025-12-09 15:22:06 [INFO] Activating conda environment: .snakemake/conda/a1a7b31717ce9697b8a39ae034666af4_
2025-12-09 15:22:27 [INFO] Finished jobid: 3 (Rule: preprocessing_data_preprocessing_.64a0074b63752a8a7fc530a49e01278b0d3ae1f01078a20b8abd288aa034f3dc)
2025-12-09 15:22:27 [INFO] None
2025-12-09 15:22:27 [INFO] Select jobs to execute...
2025-12-09 15:22:27 [INFO] Execute 2 jobs...
2025-12-09 15:22:27 [INFO]  Rule: analysis_cyanno_default, Jobid: 2
2025-12-09 15:22:27 [INFO] Shell command: None
2025-12-09 15:22:27 [INFO]  Rule: analysis_dgcytof_default, Jobid: 5
2025-12-09 15:22:27 [INFO] Shell command: None
2025-12-09 15:22:27 [INFO] Activating conda environment: .snakemake/conda/92822264f40461346830db80ddb755db_
2025-12-09 15:22:27 [INFO] Activating conda environment: .snakemake/conda/a1a7b31717ce9697b8a39ae034666af4_
2025-12-09 15:22:27 [INFO] Activating conda environment: .snakemake/conda/92822264f40461346830db80ddb755db_
2025-12-09 15:22:27 [INFO] Activating conda environment: .snakemake/conda/a1a7b31717ce9697b8a39ae034666af4_
2025-12-09 15:22:28 [INFO] Select jobs to execute...
2025-12-09 15:22:33 [INFO] Finished jobid: 2 (Rule: analysis_cyanno_default)
2025-12-09 15:22:33 [INFO] None
2025-12-09 15:22:33 [INFO] Execute 1 jobs...
2025-12-09 15:22:33 [INFO]  Rule: analysis_random_default, Jobid: 7
2025-12-09 15:22:33 [INFO] Shell command: None
2025-12-09 15:22:33 [INFO] Activating conda environment: .snakemake/conda/0e199521e37e818cadfa5b4513af5b84_
2025-12-09 15:22:33 [INFO] Activating conda environment: .snakemake/conda/0e199521e37e818cadfa5b4513af5b84_
2025-12-09 15:22:34 [INFO] Select jobs to execute...
2025-12-09 15:22:43 [INFO] Finished jobid: 7 (Rule: analysis_random_default)
2025-12-09 15:22:43 [INFO] None
2025-12-09 15:22:43 [INFO] Execute 1 jobs...
2025-12-09 15:22:43 [INFO]  Rule: metrics_flow_metrics_.dadab5202a25740a12202dc2663099e332909148727a8fb21454afc6cbec3010, Jobid: 8
2025-12-09 15:22:43 [INFO] Shell command: None
2025-12-09 15:22:44 [INFO] Activating conda environment: .snakemake/conda/a1a7b31717ce9697b8a39ae034666af4_
2025-12-09 15:22:44 [INFO] Select jobs to execute...
2025-12-09 15:22:44 [INFO] Activating conda environment: .snakemake/conda/a1a7b31717ce9697b8a39ae034666af4_
2025-12-09 15:22:48 [INFO] Finished jobid: 8 (Rule: metrics_flow_metrics_.dadab5202a25740a12202dc2663099e332909148727a8fb21454afc6cbec3010)
2025-12-09 15:22:48 [INFO] None
2025-12-09 15:22:48 [INFO] Execute 1 jobs...
2025-12-09 15:22:48 [INFO]  Rule: metrics_flow_metrics_.dadab5202a25740a12202dc2663099e332909148727a8fb21454afc6cbec3010, Jobid: 4
2025-12-09 15:22:48 [INFO] Shell command: None
2025-12-09 15:22:48 [INFO] Activating conda environment: .snakemake/conda/a1a7b31717ce9697b8a39ae034666af4_
2025-12-09 15:22:48 [INFO] Activating conda environment: .snakemake/conda/a1a7b31717ce9697b8a39ae034666af4_
2025-12-09 15:22:50 [INFO] Finished jobid: 5 (Rule: analysis_dgcytof_default)
2025-12-09 15:22:50 [INFO] None
2025-12-09 15:22:50 [INFO] Select jobs to execute...
2025-12-09 15:22:50 [INFO] Execute 1 jobs...
2025-12-09 15:22:50 [INFO]  Rule: metrics_flow_metrics_.dadab5202a25740a12202dc2663099e332909148727a8fb21454afc6cbec3010, Jobid: 6
2025-12-09 15:22:50 [INFO] Shell command: None
2025-12-09 15:22:50 [INFO] Activating conda environment: .snakemake/conda/a1a7b31717ce9697b8a39ae034666af4_
2025-12-09 15:22:50 [INFO] Activating conda environment: .snakemake/conda/a1a7b31717ce9697b8a39ae034666af4_
2025-12-09 15:22:52 [INFO] Finished jobid: 4 (Rule: metrics_flow_metrics_.dadab5202a25740a12202dc2663099e332909148727a8fb21454afc6cbec3010)
2025-12-09 15:22:52 [INFO] None
2025-12-09 15:22:55 [INFO] Finished jobid: 6 (Rule: metrics_flow_metrics_.dadab5202a25740a12202dc2663099e332909148727a8fb21454afc6cbec3010)
2025-12-09 15:22:55 [INFO] None
2025-12-09 15:22:55 [INFO] Select jobs to execute...
2025-12-09 15:22:55 [INFO] Execute 1 jobs...
2025-12-09 15:22:55 [INFO]  Rule: all, Jobid: 0
2025-12-09 15:22:55 [INFO] Shell command: None
2025-12-09 15:22:57 [INFO] Finished jobid: 0 (Rule: all)
2025-12-09 15:22:57 [INFO] None
2025-12-09 15:22:57 [INFO] Complete log(s): /home/helene/benchmarks/ob-pipeline-cytof/.snakemake/log/2025-12-09T152204.933431.snakemake.log
2025-12-09 15:22:57 [INFO] Benchmark run has finished successfully.
